2023-06-28 16:18:47.633 [background-preinit] "  " INFO  org.hibernate.validator.internal.util.Version - HV000001: Hibernate Validator 6.1.5.Final
2023-06-28 16:18:47.650 [restartedMain] "  " INFO  com.recruit.RecruitApplication - Starting RecruitApplication on LAPTOP-4ODJPNHE with PID 14076 (C:\Users\13914\Desktop\project\recruit_system-master\recruit-system\recruit-sys\target\classes started by 13914 in C:\Users\13914\Desktop\project\recruit_system-master)
2023-06-28 16:18:47.651 [restartedMain] "  " INFO  com.recruit.RecruitApplication - The following profiles are active: dev
2023-06-28 16:18:47.705 [restartedMain] "  " INFO  o.s.b.d.env.DevToolsPropertyDefaultsPostProcessor - Devtools property defaults active! Set 'spring.devtools.add-properties' to 'false' to disable
2023-06-28 16:18:48.550 [restartedMain] "  " INFO  o.s.d.r.config.RepositoryConfigurationDelegate - Multiple Spring Data modules found, entering strict repository configuration mode!
2023-06-28 16:18:48.553 [restartedMain] "  " INFO  o.s.d.r.config.RepositoryConfigurationDelegate - Bootstrapping Spring Data Redis repositories in DEFAULT mode.
2023-06-28 16:18:48.650 [restartedMain] "  " INFO  o.s.d.r.config.RepositoryConfigurationDelegate - Finished Spring Data repository scanning in 81ms. Found 0 Redis repository interfaces.
2023-06-28 16:18:49.128 [restartedMain] "  " INFO  o.s.c.s.PostProcessorRegistrationDelegate$BeanPostProcessorChecker - Bean 'commonConfiguration' of type [com.recruit.common.configuration.CommonConfiguration] is not eligible for getting processed by all BeanPostProcessors (for example: not eligible for auto-proxying)
2023-06-28 16:18:49.578 [restartedMain] "  " INFO  o.s.boot.web.embedded.tomcat.TomcatWebServer - Tomcat initialized with port(s): 5000 (http)
2023-06-28 16:18:49.588 [restartedMain] "  " INFO  org.apache.coyote.http11.Http11NioProtocol - Initializing ProtocolHandler ["http-nio-5000"]
2023-06-28 16:18:49.588 [restartedMain] "  " INFO  org.apache.catalina.core.StandardService - Starting service [Tomcat]
2023-06-28 16:18:49.588 [restartedMain] "  " INFO  org.apache.catalina.core.StandardEngine - Starting Servlet engine: [Apache Tomcat/9.0.37]
2023-06-28 16:18:49.591 [restartedMain] "  " INFO  org.apache.catalina.core.AprLifecycleListener - Loaded Apache Tomcat Native library [1.2.33] using APR version [1.7.0].
2023-06-28 16:18:49.591 [restartedMain] "  " INFO  org.apache.catalina.core.AprLifecycleListener - APR capabilities: IPv6 [true], sendfile [true], accept filters [false], random [true].
2023-06-28 16:18:49.591 [restartedMain] "  " INFO  org.apache.catalina.core.AprLifecycleListener - APR/OpenSSL configuration: useAprConnector [false], useOpenSSL [true]
2023-06-28 16:18:49.601 [restartedMain] "  " INFO  org.apache.catalina.core.AprLifecycleListener - OpenSSL successfully initialized [OpenSSL 1.1.1o  3 May 2022]
2023-06-28 16:18:49.703 [restartedMain] "  " INFO  o.a.c.core.ContainerBase.[Tomcat].[localhost].[/] - Initializing Spring embedded WebApplicationContext
2023-06-28 16:18:49.704 [restartedMain] "  " INFO  o.s.b.w.s.c.ServletWebServerApplicationContext - Root WebApplicationContext: initialization completed in 1999 ms
2023-06-28 16:18:49.765 [restartedMain] "  " INFO  com.zaxxer.hikari.HikariDataSource - HikariPool-1 - Starting...
2023-06-28 16:18:49.883 [restartedMain] "  " INFO  com.zaxxer.hikari.HikariDataSource - HikariPool-1 - Start completed.
2023-06-28 16:18:49.887 [restartedMain] "  " INFO  o.s.b.autoconfigure.h2.H2ConsoleAutoConfiguration - H2 console available at '/h2-console'. Database available at 'jdbc:mysql://127.0.0.1:3306/recruit_system?useSSL=false&serverTimezone=UTC&characterEncoding=UTF8&allowPublicKeyRetrieval=true'
2023-06-28 16:18:54.475 [restartedMain] "  " INFO  o.s.scheduling.concurrent.ThreadPoolTaskExecutor - Initializing ExecutorService 'applicationTaskExecutor'
2023-06-28 16:18:54.974 [restartedMain] "  " INFO  o.s.b.d.autoconfigure.OptionalLiveReloadServer - LiveReload server is running on port 35729
2023-06-28 16:18:55.004 [restartedMain] "  " INFO  org.apache.coyote.http11.Http11NioProtocol - Starting ProtocolHandler ["http-nio-5000"]
2023-06-28 16:18:56.413 [restartedMain] "  " INFO  o.s.boot.web.embedded.tomcat.TomcatWebServer - Tomcat started on port(s): 5000 (http) with context path ''
2023-06-28 16:18:57.043 [restartedMain] "  " INFO  com.recruit.RecruitApplication - Started RecruitApplication in 9.857 seconds (JVM running for 12.368)
2023-06-28 17:09:48.002 [http-nio-5000-exec-1] "  " INFO  o.a.c.core.ContainerBase.[Tomcat].[localhost].[/] - Initializing Spring DispatcherServlet 'dispatcherServlet'
2023-06-28 17:09:48.004 [http-nio-5000-exec-1] "  " INFO  org.springframework.web.servlet.DispatcherServlet - Initializing Servlet 'dispatcherServlet'
2023-06-28 17:09:48.050 [http-nio-5000-exec-1] "  " INFO  org.springframework.web.servlet.DispatcherServlet - Completed initialization in 46 ms
2023-06-28 17:09:48.322 [http-nio-5000-exec-3] "GET /recruit/category HTTP/1.1" INFO  c.recruit.common.interceptor.RequestLogInterceptor - [GET] -> [/recruit/category] from: 127.0.0.1 costs: 212ms
2023-06-28 17:09:48.322 [http-nio-5000-exec-1] "GET /recruit/company/find HTTP/1.1" INFO  c.recruit.common.interceptor.RequestLogInterceptor - [GET] -> [/recruit/company/find] from: 127.0.0.1 costs: 212ms
2023-06-28 17:09:48.340 [http-nio-5000-exec-2] "GET /recruit/position/page/keyword HTTP/1.1" INFO  c.recruit.common.interceptor.RequestLogInterceptor - [GET] -> [/recruit/position/page/keyword] from: 127.0.0.1 costs: 230ms
